2025-10-03 15:28:14 | INFO | {'message': 'bengals gained 12 yards against chiefs with a run.', 'author': 'system', 'timestamp': '2025-10-03 15:28:14', 'message_length': 50, 'team': 'bengals', 'yards': 12, 'action': 'run'}
2025-10-03 15:28:19 | INFO | {'message': 'chargers gained 0 yards against browns with a pass.', 'author': 'system', 'timestamp': '2025-10-03 15:28:19', 'message_length': 51, 'team': 'chargers', 'yards': 0, 'action': 'pass'}
2025-10-03 15:28:24 | INFO | {'message': 'bills gained 17 yards against titans with a run.', 'author': 'system', 'timestamp': '2025-10-03 15:28:24', 'message_length': 48, 'team': 'bills', 'yards': 17, 'action': 'run'}
2025-10-03 15:28:29 | INFO | {'message': 'bills gained 13 yards against chargers with a run.', 'author': 'system', 'timestamp': '2025-10-03 15:28:29', 'message_length': 50, 'team': 'bills', 'yards': 13, 'action': 'run'}
2025-10-03 15:28:34 | INFO | {'message': 'browns gained 7 yards against titans with a pass.', 'author': 'system', 'timestamp': '2025-10-03 15:28:34', 'message_length': 49, 'team': 'browns', 'yards': 7, 'action': 'pass'}
2025-10-03 15:28:39 | INFO | {'message': 'bills gained 42 yards against chiefs with a run.', 'author': 'system', 'timestamp': '2025-10-03 15:28:39', 'message_length': 48, 'team': 'bills', 'yards': 42, 'action': 'run'}
2025-10-03 15:28:44 | INFO | {'message': 'steelers gained 4 yards against ravens with a run.', 'author': 'system', 'timestamp': '2025-10-03 15:28:44', 'message_length': 50, 'team': 'steelers', 'yards': 4, 'action': 'run'}
2025-10-03 15:28:49 | INFO | {'message': 'patriots gained 8 yards against chargers with a run.', 'author': 'system', 'timestamp': '2025-10-03 15:28:49', 'message_length': 52, 'team': 'patriots', 'yards': 8, 'action': 'run'}
2025-10-03 15:28:54 | INFO | {'message': 'bills gained 7 yards against dolphins with a pass.', 'author': 'system', 'timestamp': '2025-10-03 15:28:54', 'message_length': 50, 'team': 'bills', 'yards': 7, 'action': 'pass'}
2025-10-03 15:28:59 | INFO | {'message': 'jets gained 21 yards against patriots with a run.', 'author': 'system', 'timestamp': '2025-10-03 15:28:59', 'message_length': 49, 'team': 'jets', 'yards': 21, 'action': 'run'}
2025-10-03 15:29:04 | INFO | {'message': 'raiders gained 21 yards against steelers with a pass.', 'author': 'system', 'timestamp': '2025-10-03 15:29:04', 'message_length': 53, 'team': 'raiders', 'yards': 21, 'action': 'pass'}
2025-10-03 15:29:09 | INFO | {'message': 'chargers gained 14 yards against titans with a run.', 'author': 'system', 'timestamp': '2025-10-03 15:29:09', 'message_length': 51, 'team': 'chargers', 'yards': 14, 'action': 'run'}
2025-10-03 15:29:14 | INFO | {'message': 'texans gained 14 yards against bengals with a run.', 'author': 'system', 'timestamp': '2025-10-03 15:29:14', 'message_length': 50, 'team': 'texans', 'yards': 14, 'action': 'run'}
2025-10-03 15:29:19 | INFO | {'message': 'titans gained 2 yards against jets with a pass.', 'author': 'system', 'timestamp': '2025-10-03 15:29:19', 'message_length': 47, 'team': 'titans', 'yards': 2, 'action': 'pass'}
2025-10-03 15:29:24 | INFO | {'message': 'jaguars gained 12 yards against chargers with a run.', 'author': 'system', 'timestamp': '2025-10-03 15:29:24', 'message_length': 52, 'team': 'jaguars', 'yards': 12, 'action': 'run'}
2025-10-03 15:29:29 | INFO | {'message': 'patriots gained 11 yards against dolphins with a pass.', 'author': 'system', 'timestamp': '2025-10-03 15:29:29', 'message_length': 54, 'team': 'patriots', 'yards': 11, 'action': 'pass'}
2025-10-03 15:29:34 | INFO | {'message': 'bengals gained 3 yards against steelers with a pass.', 'author': 'system', 'timestamp': '2025-10-03 15:29:34', 'message_length': 52, 'team': 'bengals', 'yards': 3, 'action': 'pass'}
2025-10-03 15:29:39 | INFO | {'message': 'jaguars gained -6 yards against steelers with a run.', 'author': 'system', 'timestamp': '2025-10-03 15:29:39', 'message_length': 52, 'team': 'jaguars', 'yards': -6, 'action': 'run'}
2025-10-03 15:29:44 | INFO | {'message': 'chiefs gained 17 yards against chargers with a run.', 'author': 'system', 'timestamp': '2025-10-03 15:29:44', 'message_length': 51, 'team': 'chiefs', 'yards': 17, 'action': 'run'}
2025-10-03 15:29:49 | INFO | {'message': 'jets gained 12 yards against colts with a run.', 'author': 'system', 'timestamp': '2025-10-03 15:29:49', 'message_length': 46, 'team': 'jets', 'yards': 12, 'action': 'run'}
2025-10-03 15:29:54 | INFO | {'message': 'dolphins gained 40 yards against bills with a pass.', 'author': 'system', 'timestamp': '2025-10-03 15:29:54', 'message_length': 51, 'team': 'dolphins', 'yards': 40, 'action': 'pass'}
2025-10-03 15:29:59 | INFO | {'message': 'jets gained 21 yards against steelers with a run.', 'author': 'system', 'timestamp': '2025-10-03 15:29:59', 'message_length': 49, 'team': 'jets', 'yards': 21, 'action': 'run'}
2025-10-03 15:30:04 | INFO | {'message': 'raiders gained 14 yards against steelers with a pass.', 'author': 'system', 'timestamp': '2025-10-03 15:30:04', 'message_length': 53, 'team': 'raiders', 'yards': 14, 'action': 'pass'}
2025-10-03 15:30:09 | INFO | {'message': 'ravens gained 13 yards against raiders with a run.', 'author': 'system', 'timestamp': '2025-10-03 15:30:09', 'message_length': 50, 'team': 'ravens', 'yards': 13, 'action': 'run'}
2025-10-03 15:30:14 | INFO | {'message': 'broncos gained 37 yards against steelers with a run.', 'author': 'system', 'timestamp': '2025-10-03 15:30:14', 'message_length': 52, 'team': 'broncos', 'yards': 37, 'action': 'run'}
2025-10-03 15:30:19 | INFO | {'message': 'steelers gained 14 yards against chiefs with a pass.', 'author': 'system', 'timestamp': '2025-10-03 15:30:19', 'message_length': 52, 'team': 'steelers', 'yards': 14, 'action': 'pass'}
2025-10-03 15:30:24 | INFO | {'message': 'bills gained 32 yards against bengals with a run.', 'author': 'system', 'timestamp': '2025-10-03 15:30:24', 'message_length': 49, 'team': 'bills', 'yards': 32, 'action': 'run'}
2025-10-03 15:30:29 | INFO | {'message': 'steelers gained 30 yards against browns with a pass.', 'author': 'system', 'timestamp': '2025-10-03 15:30:29', 'message_length': 52, 'team': 'steelers', 'yards': 30, 'action': 'pass'}
2025-10-03 15:30:34 | INFO | {'message': 'jets gained 8 yards against bills with a pass.', 'author': 'system', 'timestamp': '2025-10-03 15:30:34', 'message_length': 46, 'team': 'jets', 'yards': 8, 'action': 'pass'}
2025-10-03 15:30:39 | INFO | {'message': 'chiefs gained 6 yards against broncos with a pass.', 'author': 'system', 'timestamp': '2025-10-03 15:30:39', 'message_length': 50, 'team': 'chiefs', 'yards': 6, 'action': 'pass'}
2025-10-03 15:30:44 | INFO | {'message': 'browns gained 39 yards against steelers with a pass.', 'author': 'system', 'timestamp': '2025-10-03 15:30:44', 'message_length': 52, 'team': 'browns', 'yards': 39, 'action': 'pass'}
2025-10-03 15:30:49 | INFO | {'message': 'colts gained 3 yards against browns with a pass.', 'author': 'system', 'timestamp': '2025-10-03 15:30:49', 'message_length': 48, 'team': 'colts', 'yards': 3, 'action': 'pass'}
2025-10-03 15:30:54 | INFO | {'message': 'titans gained 20 yards against browns with a pass.', 'author': 'system', 'timestamp': '2025-10-03 15:30:54', 'message_length': 50, 'team': 'titans', 'yards': 20, 'action': 'pass'}
2025-10-03 15:30:59 | INFO | {'message': 'ravens gained 19 yards against titans with a run.', 'author': 'system', 'timestamp': '2025-10-03 15:30:59', 'message_length': 49, 'team': 'ravens', 'yards': 19, 'action': 'run'}
2025-10-03 15:31:04 | INFO | {'message': 'colts gained 15 yards against chiefs with a run.', 'author': 'system', 'timestamp': '2025-10-03 15:31:04', 'message_length': 48, 'team': 'colts', 'yards': 15, 'action': 'run'}
2025-10-03 15:31:09 | INFO | {'message': 'ravens gained 41 yards against patriots with a pass.', 'author': 'system', 'timestamp': '2025-10-03 15:31:09', 'message_length': 52, 'team': 'ravens', 'yards': 41, 'action': 'pass'}
2025-10-03 15:31:14 | INFO | {'message': 'chargers gained 15 yards against bills with a run.', 'author': 'system', 'timestamp': '2025-10-03 15:31:14', 'message_length': 50, 'team': 'chargers', 'yards': 15, 'action': 'run'}
2025-10-03 15:31:17 | INFO | Logging to file: logs/project_log.log
2025-10-03 15:31:17 | INFO | Log sanitization enabled, personal info removed
2025-10-03 15:31:17 | INFO | BUZZ_TOPIC: buzzline
2025-10-03 15:31:17 | INFO | KAFKA_BROKER_ADDRESS: 127.0.0.1:9092
2025-10-03 15:31:17 | INFO | BUZZ_CONSUMER_GROUP_ID: buzz_group
2025-10-03 15:31:17 | INFO | Kafka topic: buzzline
2025-10-03 15:31:17 | INFO | Kafka broker: 127.0.0.1:9092
2025-10-03 15:31:17 | INFO | Kafka broker address: localhost:9092
2025-10-03 15:31:17 | INFO | Creating Kafka consumer. Topic='buzzline' and group ID='buzz_group_visualizer'.
2025-10-03 15:31:17 | INFO | Kafka consumer created successfully.
2025-10-03 15:31:19 | INFO | {'message': 'dolphins gained 8 yards against patriots with a run.', 'author': 'system', 'timestamp': '2025-10-03 15:31:19', 'message_length': 52, 'team': 'dolphins', 'yards': 8, 'action': 'run'}
2025-10-03 15:31:24 | INFO | {'message': 'dolphins gained 37 yards against chargers with a run.', 'author': 'system', 'timestamp': '2025-10-03 15:31:24', 'message_length': 53, 'team': 'dolphins', 'yards': 37, 'action': 'run'}
2025-10-03 15:31:29 | INFO | {'message': 'bills gained 26 yards against ravens with a pass.', 'author': 'system', 'timestamp': '2025-10-03 15:31:29', 'message_length': 49, 'team': 'bills', 'yards': 26, 'action': 'pass'}
2025-10-03 15:31:34 | INFO | {'message': 'bills gained -2 yards against colts with a run.', 'author': 'system', 'timestamp': '2025-10-03 15:31:34', 'message_length': 47, 'team': 'bills', 'yards': -2, 'action': 'run'}
2025-10-03 15:31:39 | INFO | {'message': 'patriots gained 25 yards against steelers with a run.', 'author': 'system', 'timestamp': '2025-10-03 15:31:39', 'message_length': 53, 'team': 'patriots', 'yards': 25, 'action': 'run'}
2025-10-03 15:31:44 | INFO | {'message': 'colts gained 5 yards against ravens with a pass.', 'author': 'system', 'timestamp': '2025-10-03 15:31:44', 'message_length': 48, 'team': 'colts', 'yards': 5, 'action': 'pass'}
2025-10-03 15:31:49 | INFO | {'message': 'colts gained -3 yards against chargers with a pass.', 'author': 'system', 'timestamp': '2025-10-03 15:31:49', 'message_length': 51, 'team': 'colts', 'yards': -3, 'action': 'pass'}
2025-10-03 15:31:54 | INFO | {'message': 'bengals gained 3 yards against chargers with a run.', 'author': 'system', 'timestamp': '2025-10-03 15:31:54', 'message_length': 51, 'team': 'bengals', 'yards': 3, 'action': 'run'}
2025-10-03 15:31:59 | INFO | {'message': 'texans gained 32 yards against bengals with a pass.', 'author': 'system', 'timestamp': '2025-10-03 15:31:59', 'message_length': 51, 'team': 'texans', 'yards': 32, 'action': 'pass'}
2025-10-03 15:32:04 | INFO | {'message': 'chiefs gained 12 yards against ravens with a pass.', 'author': 'system', 'timestamp': '2025-10-03 15:32:04', 'message_length': 50, 'team': 'chiefs', 'yards': 12, 'action': 'pass'}
2025-10-03 15:32:09 | INFO | {'message': 'dolphins gained 0 yards against titans with a run.', 'author': 'system', 'timestamp': '2025-10-03 15:32:09', 'message_length': 50, 'team': 'dolphins', 'yards': 0, 'action': 'run'}
2025-10-03 15:32:14 | INFO | {'message': 'colts gained 12 yards against broncos with a run.', 'author': 'system', 'timestamp': '2025-10-03 15:32:14', 'message_length': 49, 'team': 'colts', 'yards': 12, 'action': 'run'}
2025-10-03 15:32:19 | INFO | {'message': 'bills gained 22 yards against raiders with a run.', 'author': 'system', 'timestamp': '2025-10-03 15:32:19', 'message_length': 49, 'team': 'bills', 'yards': 22, 'action': 'run'}
2025-10-03 15:32:24 | INFO | {'message': 'jaguars gained 22 yards against bills with a pass.', 'author': 'system', 'timestamp': '2025-10-03 15:32:24', 'message_length': 50, 'team': 'jaguars', 'yards': 22, 'action': 'pass'}
2025-10-03 15:32:29 | INFO | {'message': 'browns gained 1 yards against patriots with a pass.', 'author': 'system', 'timestamp': '2025-10-03 15:32:29', 'message_length': 51, 'team': 'browns', 'yards': 1, 'action': 'pass'}
2025-10-03 15:32:34 | INFO | {'message': 'chiefs gained 33 yards against colts with a run.', 'author': 'system', 'timestamp': '2025-10-03 15:32:34', 'message_length': 48, 'team': 'chiefs', 'yards': 33, 'action': 'run'}
2025-10-03 15:32:39 | INFO | {'message': 'patriots gained 11 yards against titans with a pass.', 'author': 'system', 'timestamp': '2025-10-03 15:32:39', 'message_length': 52, 'team': 'patriots', 'yards': 11, 'action': 'pass'}
2025-10-03 15:32:44 | INFO | {'message': 'dolphins gained 28 yards against texans with a pass.', 'author': 'system', 'timestamp': '2025-10-03 15:32:44', 'message_length': 52, 'team': 'dolphins', 'yards': 28, 'action': 'pass'}
2025-10-03 15:32:49 | INFO | {'message': 'patriots gained 0 yards against colts with a run.', 'author': 'system', 'timestamp': '2025-10-03 15:32:49', 'message_length': 49, 'team': 'patriots', 'yards': 0, 'action': 'run'}
2025-10-03 15:32:54 | INFO | {'message': 'browns gained 19 yards against raiders with a run.', 'author': 'system', 'timestamp': '2025-10-03 15:32:54', 'message_length': 50, 'team': 'browns', 'yards': 19, 'action': 'run'}
2025-10-03 15:32:59 | INFO | {'message': 'browns gained -7 yards against titans with a pass.', 'author': 'system', 'timestamp': '2025-10-03 15:32:59', 'message_length': 50, 'team': 'browns', 'yards': -7, 'action': 'pass'}
2025-10-03 15:33:04 | INFO | {'message': 'steelers gained 20 yards against patriots with a pass.', 'author': 'system', 'timestamp': '2025-10-03 15:33:04', 'message_length': 54, 'team': 'steelers', 'yards': 20, 'action': 'pass'}
2025-10-03 15:33:09 | INFO | {'message': 'bills gained 9 yards against titans with a pass.', 'author': 'system', 'timestamp': '2025-10-03 15:33:09', 'message_length': 48, 'team': 'bills', 'yards': 9, 'action': 'pass'}
2025-10-03 15:33:14 | INFO | {'message': 'browns gained 46 yards against dolphins with a run.', 'author': 'system', 'timestamp': '2025-10-03 15:33:14', 'message_length': 51, 'team': 'browns', 'yards': 46, 'action': 'run'}
2025-10-03 15:33:19 | INFO | {'message': 'ravens gained 41 yards against chiefs with a run.', 'author': 'system', 'timestamp': '2025-10-03 15:33:19', 'message_length': 49, 'team': 'ravens', 'yards': 41, 'action': 'run'}
2025-10-03 15:33:24 | INFO | {'message': 'bills gained 16 yards against bengals with a run.', 'author': 'system', 'timestamp': '2025-10-03 15:33:24', 'message_length': 49, 'team': 'bills', 'yards': 16, 'action': 'run'}
2025-10-03 15:33:29 | INFO | {'message': 'jaguars gained 20 yards against raiders with a pass.', 'author': 'system', 'timestamp': '2025-10-03 15:33:29', 'message_length': 52, 'team': 'jaguars', 'yards': 20, 'action': 'pass'}
2025-10-03 15:33:34 | INFO | {'message': 'jaguars gained 9 yards against dolphins with a run.', 'author': 'system', 'timestamp': '2025-10-03 15:33:34', 'message_length': 51, 'team': 'jaguars', 'yards': 9, 'action': 'run'}
2025-10-03 15:33:39 | INFO | {'message': 'browns gained 4 yards against titans with a pass.', 'author': 'system', 'timestamp': '2025-10-03 15:33:39', 'message_length': 49, 'team': 'browns', 'yards': 4, 'action': 'pass'}
2025-10-03 15:33:44 | INFO | {'message': 'chiefs gained 16 yards against colts with a pass.', 'author': 'system', 'timestamp': '2025-10-03 15:33:44', 'message_length': 49, 'team': 'chiefs', 'yards': 16, 'action': 'pass'}
2025-10-03 15:33:49 | INFO | {'message': 'colts gained 21 yards against raiders with a run.', 'author': 'system', 'timestamp': '2025-10-03 15:33:49', 'message_length': 49, 'team': 'colts', 'yards': 21, 'action': 'run'}
2025-10-03 15:33:54 | INFO | {'message': 'titans gained 13 yards against raiders with a run.', 'author': 'system', 'timestamp': '2025-10-03 15:33:54', 'message_length': 50, 'team': 'titans', 'yards': 13, 'action': 'run'}
2025-10-03 15:33:59 | INFO | {'message': 'chiefs gained 35 yards against jaguars with a pass.', 'author': 'system', 'timestamp': '2025-10-03 15:33:59', 'message_length': 51, 'team': 'chiefs', 'yards': 35, 'action': 'pass'}
2025-10-03 15:34:04 | INFO | {'message': 'dolphins gained -2 yards against steelers with a pass.', 'author': 'system', 'timestamp': '2025-10-03 15:34:04', 'message_length': 54, 'team': 'dolphins', 'yards': -2, 'action': 'pass'}
2025-10-03 15:34:09 | INFO | {'message': 'browns gained 15 yards against jaguars with a run.', 'author': 'system', 'timestamp': '2025-10-03 15:34:09', 'message_length': 50, 'team': 'browns', 'yards': 15, 'action': 'run'}
2025-10-03 15:34:14 | INFO | {'message': 'colts gained 6 yards against bengals with a run.', 'author': 'system', 'timestamp': '2025-10-03 15:34:14', 'message_length': 48, 'team': 'colts', 'yards': 6, 'action': 'run'}
2025-10-03 15:34:19 | INFO | {'message': 'raiders gained 21 yards against chargers with a pass.', 'author': 'system', 'timestamp': '2025-10-03 15:34:19', 'message_length': 53, 'team': 'raiders', 'yards': 21, 'action': 'pass'}
2025-10-03 15:34:24 | INFO | {'message': 'bengals gained 41 yards against broncos with a pass.', 'author': 'system', 'timestamp': '2025-10-03 15:34:24', 'message_length': 52, 'team': 'bengals', 'yards': 41, 'action': 'pass'}
2025-10-03 15:34:29 | INFO | {'message': 'titans gained 3 yards against bills with a pass.', 'author': 'system', 'timestamp': '2025-10-03 15:34:29', 'message_length': 48, 'team': 'titans', 'yards': 3, 'action': 'pass'}
2025-10-03 15:34:34 | INFO | {'message': 'titans gained 14 yards against ravens with a run.', 'author': 'system', 'timestamp': '2025-10-03 15:34:34', 'message_length': 49, 'team': 'titans', 'yards': 14, 'action': 'run'}
2025-10-03 15:34:39 | INFO | {'message': 'steelers gained 8 yards against ravens with a run.', 'author': 'system', 'timestamp': '2025-10-03 15:34:39', 'message_length': 50, 'team': 'steelers', 'yards': 8, 'action': 'run'}
2025-10-03 15:34:44 | INFO | {'message': 'raiders gained 10 yards against broncos with a run.', 'author': 'system', 'timestamp': '2025-10-03 15:34:44', 'message_length': 51, 'team': 'raiders', 'yards': 10, 'action': 'run'}
2025-10-03 15:34:49 | INFO | {'message': 'ravens gained 17 yards against bengals with a run.', 'author': 'system', 'timestamp': '2025-10-03 15:34:49', 'message_length': 50, 'team': 'ravens', 'yards': 17, 'action': 'run'}
2025-10-03 15:34:54 | INFO | {'message': 'titans gained 17 yards against chargers with a run.', 'author': 'system', 'timestamp': '2025-10-03 15:34:54', 'message_length': 51, 'team': 'titans', 'yards': 17, 'action': 'run'}
2025-10-03 15:34:59 | INFO | {'message': 'bengals gained 11 yards against patriots with a run.', 'author': 'system', 'timestamp': '2025-10-03 15:34:59', 'message_length': 52, 'team': 'bengals', 'yards': 11, 'action': 'run'}
2025-10-03 15:35:04 | INFO | {'message': 'broncos gained 15 yards against jaguars with a run.', 'author': 'system', 'timestamp': '2025-10-03 15:35:04', 'message_length': 51, 'team': 'broncos', 'yards': 15, 'action': 'run'}
2025-10-03 15:35:09 | INFO | {'message': 'bills gained 6 yards against chiefs with a run.', 'author': 'system', 'timestamp': '2025-10-03 15:35:09', 'message_length': 47, 'team': 'bills', 'yards': 6, 'action': 'run'}
2025-10-03 15:35:14 | INFO | {'message': 'jaguars gained -6 yards against steelers with a run.', 'author': 'system', 'timestamp': '2025-10-03 15:35:14', 'message_length': 52, 'team': 'jaguars', 'yards': -6, 'action': 'run'}
2025-10-03 15:35:19 | INFO | {'message': 'raiders gained 4 yards against steelers with a pass.', 'author': 'system', 'timestamp': '2025-10-03 15:35:19', 'message_length': 52, 'team': 'raiders', 'yards': 4, 'action': 'pass'}
2025-10-03 15:35:24 | INFO | {'message': 'raiders gained 0 yards against chargers with a pass.', 'author': 'system', 'timestamp': '2025-10-03 15:35:24', 'message_length': 52, 'team': 'raiders', 'yards': 0, 'action': 'pass'}
2025-10-03 15:35:29 | INFO | {'message': 'chargers gained 6 yards against bills with a run.', 'author': 'system', 'timestamp': '2025-10-03 15:35:29', 'message_length': 49, 'team': 'chargers', 'yards': 6, 'action': 'run'}
2025-10-03 15:35:34 | INFO | {'message': 'ravens gained 21 yards against bengals with a pass.', 'author': 'system', 'timestamp': '2025-10-03 15:35:34', 'message_length': 51, 'team': 'ravens', 'yards': 21, 'action': 'pass'}
2025-10-03 15:35:39 | INFO | {'message': 'steelers gained 19 yards against raiders with a run.', 'author': 'system', 'timestamp': '2025-10-03 15:35:39', 'message_length': 52, 'team': 'steelers', 'yards': 19, 'action': 'run'}
2025-10-03 15:35:44 | INFO | {'message': 'raiders gained 27 yards against bengals with a pass.', 'author': 'system', 'timestamp': '2025-10-03 15:35:44', 'message_length': 52, 'team': 'raiders', 'yards': 27, 'action': 'pass'}
2025-10-03 15:35:49 | INFO | {'message': 'patriots gained 21 yards against broncos with a pass.', 'author': 'system', 'timestamp': '2025-10-03 15:35:49', 'message_length': 53, 'team': 'patriots', 'yards': 21, 'action': 'pass'}
2025-10-03 15:35:54 | INFO | {'message': 'chargers gained 1 yards against jaguars with a run.', 'author': 'system', 'timestamp': '2025-10-03 15:35:54', 'message_length': 51, 'team': 'chargers', 'yards': 1, 'action': 'run'}
2025-10-03 15:35:59 | INFO | {'message': 'jets gained 7 yards against browns with a pass.', 'author': 'system', 'timestamp': '2025-10-03 15:35:59', 'message_length': 47, 'team': 'jets', 'yards': 7, 'action': 'pass'}
2025-10-03 15:36:04 | INFO | {'message': 'texans gained 5 yards against chargers with a pass.', 'author': 'system', 'timestamp': '2025-10-03 15:36:04', 'message_length': 51, 'team': 'texans', 'yards': 5, 'action': 'pass'}
2025-10-03 15:36:09 | INFO | {'message': 'browns gained 1 yards against ravens with a run.', 'author': 'system', 'timestamp': '2025-10-03 15:36:09', 'message_length': 48, 'team': 'browns', 'yards': 1, 'action': 'run'}
2025-10-03 15:36:14 | INFO | {'message': 'broncos gained 25 yards against bills with a pass.', 'author': 'system', 'timestamp': '2025-10-03 15:36:14', 'message_length': 50, 'team': 'broncos', 'yards': 25, 'action': 'pass'}
2025-10-03 15:36:19 | INFO | {'message': 'texans gained 6 yards against ravens with a run.', 'author': 'system', 'timestamp': '2025-10-03 15:36:19', 'message_length': 48, 'team': 'texans', 'yards': 6, 'action': 'run'}
2025-10-03 15:36:24 | INFO | {'message': 'titans gained 31 yards against broncos with a pass.', 'author': 'system', 'timestamp': '2025-10-03 15:36:24', 'message_length': 51, 'team': 'titans', 'yards': 31, 'action': 'pass'}
2025-10-03 15:36:29 | INFO | {'message': 'patriots gained 28 yards against chargers with a pass.', 'author': 'system', 'timestamp': '2025-10-03 15:36:29', 'message_length': 54, 'team': 'patriots', 'yards': 28, 'action': 'pass'}
2025-10-03 15:36:34 | INFO | {'message': 'titans gained 9 yards against chiefs with a pass.', 'author': 'system', 'timestamp': '2025-10-03 15:36:34', 'message_length': 49, 'team': 'titans', 'yards': 9, 'action': 'pass'}
2025-10-03 15:36:39 | INFO | {'message': 'texans gained 22 yards against bills with a pass.', 'author': 'system', 'timestamp': '2025-10-03 15:36:39', 'message_length': 49, 'team': 'texans', 'yards': 22, 'action': 'pass'}
2025-10-03 15:36:44 | INFO | {'message': 'dolphins gained 35 yards against bills with a run.', 'author': 'system', 'timestamp': '2025-10-03 15:36:44', 'message_length': 50, 'team': 'dolphins', 'yards': 35, 'action': 'run'}
2025-10-03 15:36:49 | INFO | {'message': 'broncos gained 7 yards against steelers with a pass.', 'author': 'system', 'timestamp': '2025-10-03 15:36:49', 'message_length': 52, 'team': 'broncos', 'yards': 7, 'action': 'pass'}
2025-10-03 15:36:54 | INFO | {'message': 'texans gained 28 yards against titans with a run.', 'author': 'system', 'timestamp': '2025-10-03 15:36:54', 'message_length': 49, 'team': 'texans', 'yards': 28, 'action': 'run'}
2025-10-03 15:36:59 | INFO | {'message': 'colts gained 2 yards against chargers with a pass.', 'author': 'system', 'timestamp': '2025-10-03 15:36:59', 'message_length': 50, 'team': 'colts', 'yards': 2, 'action': 'pass'}
2025-10-03 15:37:04 | INFO | {'message': 'colts gained 13 yards against browns with a run.', 'author': 'system', 'timestamp': '2025-10-03 15:37:04', 'message_length': 48, 'team': 'colts', 'yards': 13, 'action': 'run'}
2025-10-03 15:37:09 | INFO | {'message': 'bengals gained 0 yards against ravens with a run.', 'author': 'system', 'timestamp': '2025-10-03 15:37:09', 'message_length': 49, 'team': 'bengals', 'yards': 0, 'action': 'run'}
2025-10-03 15:37:14 | WARNING | Producer interrupted by user.
2025-10-03 15:37:14 | INFO | Kafka producer closed.
2025-10-03 15:37:14 | INFO | Producer shutting down.
2025-10-03 15:48:33 | WARNING | Visualization interrupted by user.
